==9907== Memcheck, a memory error detector
==9907== Copyright (C) 2002-2017, and GNU GPL'd, by Julian Seward et al.
==9907== Using Valgrind-3.18.1 and LibVEX; rerun with -h for copyright info
==9907== Command: ./minishell
==9907== Parent PID: 396
==9907== 
==9911== 
==9911== HEAP SUMMARY:
==9911==     in use at exit: 211,658 bytes in 278 blocks
==9911==   total heap usage: 516 allocs, 238 frees, 244,239 bytes allocated
==9911== 
==9911== 4 bytes in 1 blocks are still reachable in loss record 1 of 80
==9911==    at 0x4848899: malloc (in /usr/libexec/valgrind/vgpreload_memcheck-amd64-linux.so)
==9911==    by 0x10AECD: remove_all_quotes (in /mnt/c/Users/vinie/Documents/codes/repository/42/MINISHELL/ofc_main/project/minishell)
==9911==    by 0x10AE92: expand_var (in /mnt/c/Users/vinie/Documents/codes/repository/42/MINISHELL/ofc_main/project/minishell)
==9911==    by 0x109DF3: process_command (in /mnt/c/Users/vinie/Documents/codes/repository/42/MINISHELL/ofc_main/project/minishell)
==9911==    by 0x109ECD: ms_prompt (in /mnt/c/Users/vinie/Documents/codes/repository/42/MINISHELL/ofc_main/project/minishell)
==9911==    by 0x109A6E: main (in /mnt/c/Users/vinie/Documents/codes/repository/42/MINISHELL/ofc_main/project/minishell)
==9911== 
==9911== 4 bytes in 1 blocks are still reachable in loss record 2 of 80
==9911==    at 0x4848899: malloc (in /usr/libexec/valgrind/vgpreload_memcheck-amd64-linux.so)
==9911==    by 0x10F655: ft_calloc (in /mnt/c/Users/vinie/Documents/codes/repository/42/MINISHELL/ofc_main/project/minishell)
==9911==    by 0x10D1B3: prepare_cmd_tokens (in /mnt/c/Users/vinie/Documents/codes/repository/42/MINISHELL/ofc_main/project/minishell)
==9911==    by 0x10D311: exec_child (in /mnt/c/Users/vinie/Documents/codes/repository/42/MINISHELL/ofc_main/project/minishell)
==9911==    by 0x10DBD3: cleanup_execution (in /mnt/c/Users/vinie/Documents/codes/repository/42/MINISHELL/ofc_main/project/minishell)
==9911==    by 0x10DE8F: exec_cmd (in /mnt/c/Users/vinie/Documents/codes/repository/42/MINISHELL/ofc_main/project/minishell)
==9911==    by 0x109E29: process_command (in /mnt/c/Users/vinie/Documents/codes/repository/42/MINISHELL/ofc_main/project/minishell)
==9911==    by 0x109ECD: ms_prompt (in /mnt/c/Users/vinie/Documents/codes/repository/42/MINISHELL/ofc_main/project/minishell)
==9911==    by 0x109A6E: main (in /mnt/c/Users/vinie/Documents/codes/repository/42/MINISHELL/ofc_main/project/minishell)
==9911== 
==9911== 4 bytes in 1 blocks are still reachable in loss record 3 of 80
==9911==    at 0x4848899: malloc (in /usr/libexec/valgrind/vgpreload_memcheck-amd64-linux.so)
==9911==    by 0x10F6A8: ft_strdup (in /mnt/c/Users/vinie/Documents/codes/repository/42/MINISHELL/ofc_main/project/minishell)
==9911==    by 0x10E546: fill_args_array (in /mnt/c/Users/vinie/Documents/codes/repository/42/MINISHELL/ofc_main/project/minishell)
==9911==    by 0x10E648: prepare_args (in /mnt/c/Users/vinie/Documents/codes/repository/42/MINISHELL/ofc_main/project/minishell)
==9911==    by 0x10D208: util_exec_child (in /mnt/c/Users/vinie/Documents/codes/repository/42/MINISHELL/ofc_main/project/minishell)
==9911==    by 0x10D35F: exec_child (in /mnt/c/Users/vinie/Documents/codes/repository/42/MINISHELL/ofc_main/project/minishell)
==9911==    by 0x10DBD3: cleanup_execution (in /mnt/c/Users/vinie/Documents/codes/repository/42/MINISHELL/ofc_main/project/minishell)
==9911==    by 0x10DE8F: exec_cmd (in /mnt/c/Users/vinie/Documents/codes/repository/42/MINISHELL/ofc_main/project/minishell)
==9911==    by 0x109E29: process_command (in /mnt/c/Users/vinie/Documents/codes/repository/42/MINISHELL/ofc_main/project/minishell)
==9911==    by 0x109ECD: ms_prompt (in /mnt/c/Users/vinie/Documents/codes/repository/42/MINISHELL/ofc_main/project/minishell)
==9911==    by 0x109A6E: main (in /mnt/c/Users/vinie/Documents/codes/repository/42/MINISHELL/ofc_main/project/minishell)
==9911== 
==9911== 4 bytes in 1 blocks are still reachable in loss record 4 of 80
==9911==    at 0x4848899: malloc (in /usr/libexec/valgrind/vgpreload_memcheck-amd64-linux.so)
==9911==    by 0x10F6A8: ft_strdup (in /mnt/c/Users/vinie/Documents/codes/repository/42/MINISHELL/ofc_main/project/minishell)
==9911==    by 0x10CACB: unquote_delimiter (in /mnt/c/Users/vinie/Documents/codes/repository/42/MINISHELL/ofc_main/project/minishell)
==9911==    by 0x10C93F: process_heredoc (in /mnt/c/Users/vinie/Documents/codes/repository/42/MINISHELL/ofc_main/project/minishell)
==9911==    by 0x10C5D5: ms_redirs (in /mnt/c/Users/vinie/Documents/codes/repository/42/MINISHELL/ofc_main/project/minishell)
==9911==    by 0x10D3BB: child (in /mnt/c/Users/vinie/Documents/codes/repository/42/MINISHELL/ofc_main/project/minishell)
==9911==    by 0x10D2A3: util_exec_child (in /mnt/c/Users/vinie/Documents/codes/repository/42/MINISHELL/ofc_main/project/minishell)
==9911==    by 0x10D35F: exec_child (in /mnt/c/Users/vinie/Documents/codes/repository/42/MINISHELL/ofc_main/project/minishell)
==9911==    by 0x10DBD3: cleanup_execution (in /mnt/c/Users/vinie/Documents/codes/repository/42/MINISHELL/ofc_main/project/minishell)
==9911==    by 0x10DE8F: exec_cmd (in /mnt/c/Users/vinie/Documents/codes/repository/42/MINISHELL/ofc_main/project/minishell)
==9911==    by 0x109E29: process_command (in /mnt/c/Users/vinie/Documents/codes/repository/42/MINISHELL/ofc_main/project/minishell)
==9911==    by 0x109ECD: ms_prompt (in /mnt/c/Users/vinie/Documents/codes/repository/42/MINISHELL/ofc_main/project/minishell)
==9911== 
==9911== 7 bytes in 2 blocks are still reachable in loss record 5 of 80
==9911==    at 0x4848899: malloc (in /usr/libexec/valgrind/vgpreload_memcheck-amd64-linux.so)
==9911==    by 0x10F6A8: ft_strdup (in /mnt/c/Users/vinie/Documents/codes/repository/42/MINISHELL/ofc_main/project/minishell)
==9911==    by 0x109F9A: mktoken (in /mnt/c/Users/vinie/Documents/codes/repository/42/MINISHELL/ofc_main/project/minishell)
==9911==    by 0x10A0BA: create_token_list (in /mnt/c/Users/vinie/Documents/codes/repository/42/MINISHELL/ofc_main/project/minishell)
==9911==    by 0x10A17E: tokening (in /mnt/c/Users/vinie/Documents/codes/repository/42/MINISHELL/ofc_main/project/minishell)
==9911==    by 0x109CBB: pre_process_tks (in /mnt/c/Users/vinie/Documents/codes/repository/42/MINISHELL/ofc_main/project/minishell)
==9911==    by 0x109D95: process_command (in /mnt/c/Users/vinie/Documents/codes/repository/42/MINISHELL/ofc_main/project/minishell)
==9911==    by 0x109ECD: ms_prompt (in /mnt/c/Users/vinie/Documents/codes/repository/42/MINISHELL/ofc_main/project/minishell)
==9911==    by 0x109A6E: main (in /mnt/c/Users/vinie/Documents/codes/repository/42/MINISHELL/ofc_main/project/minishell)
==9911== 
==9911== 8 bytes in 1 blocks are still reachable in loss record 7 of 80
==9911==    at 0x4848899: malloc (in /usr/libexec/valgrind/vgpreload_memcheck-amd64-linux.so)
==9911==    by 0x10F655: ft_calloc (in /mnt/c/Users/vinie/Documents/codes/repository/42/MINISHELL/ofc_main/project/minishell)
==9911==    by 0x10D925: allocate_pipes (in /mnt/c/Users/vinie/Documents/codes/repository/42/MINISHELL/ofc_main/project/minishell)
==9911==    by 0x10E128: init_exec_struct (in /mnt/c/Users/vinie/Documents/codes/repository/42/MINISHELL/ofc_main/project/minishell)
==9911==    by 0x10E235: init_exec (in /mnt/c/Users/vinie/Documents/codes/repository/42/MINISHELL/ofc_main/project/minishell)
==9911==    by 0x10DDCC: exec_cmd (in /mnt/c/Users/vinie/Documents/codes/repository/42/MINISHELL/ofc_main/project/minishell)
==9911==    by 0x109E29: process_command (in /mnt/c/Users/vinie/Documents/codes/repository/42/MINISHELL/ofc_main/project/minishell)
==9911==    by 0x109ECD: ms_prompt (in /mnt/c/Users/vinie/Documents/codes/repository/42/MINISHELL/ofc_main/project/minishell)
==9911==    by 0x109A6E: main (in /mnt/c/Users/vinie/Documents/codes/repository/42/MINISHELL/ofc_main/project/minishell)
==9911== 
==9911== 8 bytes in 1 blocks are still reachable in loss record 8 of 80
==9911==    at 0x4848899: malloc (in /usr/libexec/valgrind/vgpreload_memcheck-amd64-linux.so)
==9911==    by 0x10F655: ft_calloc (in /mnt/c/Users/vinie/Documents/codes/repository/42/MINISHELL/ofc_main/project/minishell)
==9911==    by 0x10E300: init_exec (in /mnt/c/Users/vinie/Documents/codes/repository/42/MINISHELL/ofc_main/project/minishell)
==9911==    by 0x10DDCC: exec_cmd (in /mnt/c/Users/vinie/Documents/codes/repository/42/MINISHELL/ofc_main/project/minishell)
==9911==    by 0x109E29: process_command (in /mnt/c/Users/vinie/Documents/codes/repository/42/MINISHELL/ofc_main/project/minishell)
==9911==    by 0x109ECD: ms_prompt (in /mnt/c/Users/vinie/Documents/codes/repository/42/MINISHELL/ofc_main/project/minishell)
==9911==    by 0x109A6E: main (in /mnt/c/Users/vinie/Documents/codes/repository/42/MINISHELL/ofc_main/project/minishell)
==9911== 
==9911== 11 bytes in 3 blocks are still reachable in loss record 12 of 80
==9911==    at 0x4848899: malloc (in /usr/libexec/valgrind/vgpreload_memcheck-amd64-linux.so)
==9911==    by 0x10F6A8: ft_strdup (in /mnt/c/Users/vinie/Documents/codes/repository/42/MINISHELL/ofc_main/project/minishell)
==9911==    by 0x109F9A: mktoken (in /mnt/c/Users/vinie/Documents/codes/repository/42/MINISHELL/ofc_main/project/minishell)
==9911==    by 0x10A8FB: cpy_token_ls (in /mnt/c/Users/vinie/Documents/codes/repository/42/MINISHELL/ofc_main/project/minishell)
==9911==    by 0x10DDA3: exec_cmd (in /mnt/c/Users/vinie/Documents/codes/repository/42/MINISHELL/ofc_main/project/minishell)
==9911==    by 0x109E29: process_command (in /mnt/c/Users/vinie/Documents/codes/repository/42/MINISHELL/ofc_main/project/minishell)
==9911==    by 0x109ECD: ms_prompt (in /mnt/c/Users/vinie/Documents/codes/repository/42/MINISHELL/ofc_main/project/minishell)
==9911==    by 0x109A6E: main (in /mnt/c/Users/vinie/Documents/codes/repository/42/MINISHELL/ofc_main/project/minishell)
==9911== 
==9911== 16 bytes in 1 blocks are still reachable in loss record 21 of 80
==9911==    at 0x4848899: malloc (in /usr/libexec/valgrind/vgpreload_memcheck-amd64-linux.so)
==9911==    by 0x10E4D4: allocate_args_array (in /mnt/c/Users/vinie/Documents/codes/repository/42/MINISHELL/ofc_main/project/minishell)
==9911==    by 0x10E61E: prepare_args (in /mnt/c/Users/vinie/Documents/codes/repository/42/MINISHELL/ofc_main/project/minishell)
==9911==    by 0x10D208: util_exec_child (in /mnt/c/Users/vinie/Documents/codes/repository/42/MINISHELL/ofc_main/project/minishell)
==9911==    by 0x10D35F: exec_child (in /mnt/c/Users/vinie/Documents/codes/repository/42/MINISHELL/ofc_main/project/minishell)
==9911==    by 0x10DBD3: cleanup_execution (in /mnt/c/Users/vinie/Documents/codes/repository/42/MINISHELL/ofc_main/project/minishell)
==9911==    by 0x10DE8F: exec_cmd (in /mnt/c/Users/vinie/Documents/codes/repository/42/MINISHELL/ofc_main/project/minishell)
==9911==    by 0x109E29: process_command (in /mnt/c/Users/vinie/Documents/codes/repository/42/MINISHELL/ofc_main/project/minishell)
==9911==    by 0x109ECD: ms_prompt (in /mnt/c/Users/vinie/Documents/codes/repository/42/MINISHELL/ofc_main/project/minishell)
==9911==    by 0x109A6E: main (in /mnt/c/Users/vinie/Documents/codes/repository/42/MINISHELL/ofc_main/project/minishell)
==9911== 
==9911== 96 bytes in 3 blocks are still reachable in loss record 33 of 80
==9911==    at 0x4848899: malloc (in /usr/libexec/valgrind/vgpreload_memcheck-amd64-linux.so)
==9911==    by 0x109F7C: mktoken (in /mnt/c/Users/vinie/Documents/codes/repository/42/MINISHELL/ofc_main/project/minishell)
==9911==    by 0x10A0BA: create_token_list (in /mnt/c/Users/vinie/Documents/codes/repository/42/MINISHELL/ofc_main/project/minishell)
==9911==    by 0x10A17E: tokening (in /mnt/c/Users/vinie/Documents/codes/repository/42/MINISHELL/ofc_main/project/minishell)
==9911==    by 0x109CBB: pre_process_tks (in /mnt/c/Users/vinie/Documents/codes/repository/42/MINISHELL/ofc_main/project/minishell)
==9911==    by 0x109D95: process_command (in /mnt/c/Users/vinie/Documents/codes/repository/42/MINISHELL/ofc_main/project/minishell)
==9911==    by 0x109ECD: ms_prompt (in /mnt/c/Users/vinie/Documents/codes/repository/42/MINISHELL/ofc_main/project/minishell)
==9911==    by 0x109A6E: main (in /mnt/c/Users/vinie/Documents/codes/repository/42/MINISHELL/ofc_main/project/minishell)
==9911== 
==9911== 96 bytes in 3 blocks are still reachable in loss record 34 of 80
==9911==    at 0x4848899: malloc (in /usr/libexec/valgrind/vgpreload_memcheck-amd64-linux.so)
==9911==    by 0x109F7C: mktoken (in /mnt/c/Users/vinie/Documents/codes/repository/42/MINISHELL/ofc_main/project/minishell)
==9911==    by 0x10A8FB: cpy_token_ls (in /mnt/c/Users/vinie/Documents/codes/repository/42/MINISHELL/ofc_main/project/minishell)
==9911==    by 0x10DDA3: exec_cmd (in /mnt/c/Users/vinie/Documents/codes/repository/42/MINISHELL/ofc_main/project/minishell)
==9911==    by 0x109E29: process_command (in /mnt/c/Users/vinie/Documents/codes/repository/42/MINISHELL/ofc_main/project/minishell)
==9911==    by 0x109ECD: ms_prompt (in /mnt/c/Users/vinie/Documents/codes/repository/42/MINISHELL/ofc_main/project/minishell)
==9911==    by 0x109A6E: main (in /mnt/c/Users/vinie/Documents/codes/repository/42/MINISHELL/ofc_main/project/minishell)
==9911== 
==9911== 272 bytes in 1 blocks are still reachable in loss record 38 of 80
==9911==    at 0x4848899: malloc (in /usr/libexec/valgrind/vgpreload_memcheck-amd64-linux.so)
==9911==    by 0x10F655: ft_calloc (in /mnt/c/Users/vinie/Documents/codes/repository/42/MINISHELL/ofc_main/project/minishell)
==9911==    by 0x109698: dup_env (in /mnt/c/Users/vinie/Documents/codes/repository/42/MINISHELL/ofc_main/project/minishell)
==9911==    by 0x1099DF: main (in /mnt/c/Users/vinie/Documents/codes/repository/42/MINISHELL/ofc_main/project/minishell)
==9911== 
==9911== 2,894 bytes in 33 blocks are still reachable in loss record 55 of 80
==9911==    at 0x4848899: malloc (in /usr/libexec/valgrind/vgpreload_memcheck-amd64-linux.so)
==9911==    by 0x10F6A8: ft_strdup (in /mnt/c/Users/vinie/Documents/codes/repository/42/MINISHELL/ofc_main/project/minishell)
==9911==    by 0x109588: dup_env_str (in /mnt/c/Users/vinie/Documents/codes/repository/42/MINISHELL/ofc_main/project/minishell)
==9911==    by 0x1096C1: dup_env (in /mnt/c/Users/vinie/Documents/codes/repository/42/MINISHELL/ofc_main/project/minishell)
==9911==    by 0x1099DF: main (in /mnt/c/Users/vinie/Documents/codes/repository/42/MINISHELL/ofc_main/project/minishell)
==9911== 
==9911== LEAK SUMMARY:
==9911==    definitely lost: 0 bytes in 0 blocks
==9911==    indirectly lost: 0 bytes in 0 blocks
==9911==      possibly lost: 0 bytes in 0 blocks
==9911==    still reachable: 3,424 bytes in 52 blocks
==9911==         suppressed: 208,234 bytes in 226 blocks
==9911== 
==9911== For lists of detected and suppressed errors, rerun with: -s
==9911== ERROR SUMMARY: 0 errors from 0 contexts (suppressed: 0 from 0)
==9907== 
==9907== HEAP SUMMARY:
==9907==     in use at exit: 208,392 bytes in 222 blocks
==9907==   total heap usage: 591 allocs, 369 frees, 257,565 bytes allocated
==9907== 
==9907== LEAK SUMMARY:
==9907==    definitely lost: 0 bytes in 0 blocks
==9907==    indirectly lost: 0 bytes in 0 blocks
==9907==      possibly lost: 0 bytes in 0 blocks
==9907==    still reachable: 0 bytes in 0 blocks
==9907==         suppressed: 208,392 bytes in 222 blocks
==9907== 
==9907== For lists of detected and suppressed errors, rerun with: -s
==9907== ERROR SUMMARY: 0 errors from 0 contexts (suppressed: 0 from 0)
