==243210== Memcheck, a memory error detector
==243210== Copyright (C) 2002-2017, and GNU GPL'd, by Julian Seward et al.
==243210== Using Valgrind-3.15.0 and LibVEX; rerun with -h for copyright info
==243210== Command: ./minishell
==243210== Parent PID: 235116
==243210== 
==243210== 
==243210== HEAP SUMMARY:
==243210==     in use at exit: 207,535 bytes in 277 blocks
==243210==   total heap usage: 849 allocs, 572 frees, 310,797 bytes allocated
==243210== 
==243210== 5 bytes in 1 blocks are still reachable in loss record 2 of 66
==243210==    at 0x483B7F3: malloc (in /usr/lib/x86_64-linux-gnu/valgrind/vgpreload_memcheck-amd64-linux.so)
==243210==    by 0x403D77: ft_strdup (in /nfs/homes/vgomes-p/42/42.zip projects/MINISHELL/dev-vinny/project/minishell)
OK mktoken (in /nfs/homes/vgomes-p/42/42.zip projects/MINISHELL/dev-vinny/project/minishell)
OK: create_token_list (in /nfs/homes/vgomes-p/42/42.zip projects/MINISHELL/dev-vinny/project/minishell)
OK: tokening (in /nfs/homes/vgomes-p/42/42.zip projects/MINISHELL/dev-vinny/project/minishell)
OK: process_command (in /nfs/homes/vgomes-p/42/42.zip projects/MINISHELL/dev-vinny/project/minishell)
OK: ms_prompt (in /nfs/homes/vgomes-p/42/42.zip projects/MINISHELL/dev-vinny/project/minishell)
OK: main (in /nfs/homes/vgomes-p/42/42.zip projects/MINISHELL/dev-vinny/project/minishell)
==243210== 
{
   <insert_a_suppression_name_here>
   Memcheck:Leak
   match-leak-kinds: reachable
   fun:malloc
   fun:ft_strdup
   fun:mktoken
   fun:create_token_list
   fun:tokening
   fun:process_command
   fun:ms_prompt
   fun:main
}
==243210== 16 bytes in 1 blocks are still reachable in loss record 9 of 66
==243210==    at 0x483B7F3: malloc (in /usr/lib/x86_64-linux-gnu/valgrind/vgpreload_memcheck-amd64-linux.so)
OK: prepare_args (in /nfs/homes/vgomes-p/42/42.zip projects/MINISHELL/dev-vinny/project/minishell)
==243210==    by 0x403338: exec_builtin (in /nfs/homes/vgomes-p/42/42.zip projects/MINISHELL/dev-vinny/project/minishell)
==243210==    by 0x401632: process_command (in /nfs/homes/vgomes-p/42/42.zip projects/MINISHELL/dev-vinny/project/minishell)
==243210==    by 0x4014A0: ms_prompt (in /nfs/homes/vgomes-p/42/42.zip projects/MINISHELL/dev-vinny/project/minishell)
==243210==    by 0x40125B: main (in /nfs/homes/vgomes-p/42/42.zip projects/MINISHELL/dev-vinny/project/minishell)
==243210== 
{
   <insert_a_suppression_name_here>
   Memcheck:Leak
   match-leak-kinds: reachable
   fun:malloc
   fun:prepare_args
   fun:exec_builtin
   fun:process_command
   fun:ms_prompt
   fun:main
}
==243210== 24 bytes in 1 blocks are still reachable in loss record 12 of 66
==243210==    at 0x483B7F3: malloc (in /usr/lib/x86_64-linux-gnu/valgrind/vgpreload_memcheck-amd64-linux.so)
==243210==    by 0x403D77: ft_strdup (in /nfs/homes/vgomes-p/42/42.zip projects/MINISHELL/dev-vinny/project/minishell)
OK: update_envar (in /nfs/homes/vgomes-p/42/42.zip projects/MINISHELL/dev-vinny/project/minishell)
OK: update_pwd (in /nfs/homes/vgomes-p/42/42.zip projects/MINISHELL/dev-vinny/project/minishell)
OK: handle_home_cd (in /nfs/homes/vgomes-p/42/42.zip projects/MINISHELL/dev-vinny/project/minishell)
OK: ms_cd (in /nfs/homes/vgomes-p/42/42.zip projects/MINISHELL/dev-vinny/project/minishell)
OK: check_builtin_type (in /nfs/homes/vgomes-p/42/42.zip projects/MINISHELL/dev-vinny/project/minishell)
OK: exec_builtin (in /nfs/homes/vgomes-p/42/42.zip projects/MINISHELL/dev-vinny/project/minishell)
OK: process_command (in /nfs/homes/vgomes-p/42/42.zip projects/MINISHELL/dev-vinny/project/minishell)
OK: ms_prompt (in /nfs/homes/vgomes-p/42/42.zip projects/MINISHELL/dev-vinny/project/minishell)
OK: main (in /nfs/homes/vgomes-p/42/42.zip projects/MINISHELL/dev-vinny/project/minishell)
==243210== 
{
   <insert_a_suppression_name_here>
   Memcheck:Leak
   match-leak-kinds: reachable
   fun:malloc
   fun:ft_strdup
   fun:update_envar
   fun:update_pwd
   fun:handle_home_cd
   fun:ms_cd
   fun:check_builtin_type
   fun:exec_builtin
   fun:process_command
   fun:ms_prompt
   fun:main
}
==243210== 32 bytes in 1 blocks are still reachable in loss record 14 of 66
==243210==    at 0x483B7F3: malloc (in /usr/lib/x86_64-linux-gnu/valgrind/vgpreload_memcheck-amd64-linux.so)
OK: mktoken (in /nfs/homes/vgomes-p/42/42.zip projects/MINISHELL/dev-vinny/project/minishell)
OK: create_token_list (in /nfs/homes/vgomes-p/42/42.zip projects/MINISHELL/dev-vinny/project/minishell)
OK: tokening (in /nfs/homes/vgomes-p/42/42.zip projects/MINISHELL/dev-vinny/project/minishell)
OK: process_command (in /nfs/homes/vgomes-p/42/42.zip projects/MINISHELL/dev-vinny/project/minishell)
OK: ms_prompt (in /nfs/homes/vgomes-p/42/42.zip projects/MINISHELL/dev-vinny/project/minishell)
OK: main (in /nfs/homes/vgomes-p/42/42.zip projects/MINISHELL/dev-vinny/project/minishell)
==243210== 
{
   <insert_a_suppression_name_here>
   Memcheck:Leak
   match-leak-kinds: reachable
   fun:malloc
   fun:mktoken
   fun:create_token_list
   fun:tokening
   fun:process_command
   fun:ms_prompt
   fun:main
}
==243210== 74 bytes in 1 blocks are still reachable in loss record 20 of 66
==243210==    at 0x483B7F3: malloc (in /usr/lib/x86_64-linux-gnu/valgrind/vgpreload_memcheck-amd64-linux.so)
==243210==    by 0x403D77: ft_strdup (in /nfs/homes/vgomes-p/42/42.zip projects/MINISHELL/dev-vinny/project/minishell)
==243210==    by 0x402429: update_envar (in /nfs/homes/vgomes-p/42/42.zip projects/MINISHELL/dev-vinny/project/minishell)
==243210==    by 0x402817: update_pwd (in /nfs/homes/vgomes-p/42/42.zip projects/MINISHELL/dev-vinny/project/minishell)
==243210==    by 0x40277B: handle_home_cd (in /nfs/homes/vgomes-p/42/42.zip projects/MINISHELL/dev-vinny/project/minishell)
==243210==    by 0x40269A: ms_cd (in /nfs/homes/vgomes-p/42/42.zip projects/MINISHELL/dev-vinny/project/minishell)
==243210==    by 0x4033C9: check_builtin_type (in /nfs/homes/vgomes-p/42/42.zip projects/MINISHELL/dev-vinny/project/minishell)
==243210==    by 0x403364: exec_builtin (in /nfs/homes/vgomes-p/42/42.zip projects/MINISHELL/dev-vinny/project/minishell)
==243210==    by 0x401632: process_command (in /nfs/homes/vgomes-p/42/42.zip projects/MINISHELL/dev-vinny/project/minishell)
==243210==    by 0x4014A0: ms_prompt (in /nfs/homes/vgomes-p/42/42.zip projects/MINISHELL/dev-vinny/project/minishell)
==243210==    by 0x40125B: main (in /nfs/homes/vgomes-p/42/42.zip projects/MINISHELL/dev-vinny/project/minishell)
==243210== 
{
   <insert_a_suppression_name_here>
   Memcheck:Leak
   match-leak-kinds: reachable
   fun:malloc
   fun:ft_strdup
   fun:update_envar
   fun:update_pwd
   fun:handle_home_cd
   fun:ms_cd
   fun:check_builtin_type
   fun:exec_builtin
   fun:process_command
   fun:ms_prompt
   fun:main
}
==243210== 472 bytes in 1 blocks are still reachable in loss record 27 of 66
==243210==    at 0x483B7F3: malloc (in /usr/lib/x86_64-linux-gnu/valgrind/vgpreload_memcheck-amd64-linux.so)
==243210==    by 0x403D16: ft_calloc (in /nfs/homes/vgomes-p/42/42.zip projects/MINISHELL/dev-vinny/project/minishell)
==243210==    by 0x402453: update_envar (in /nfs/homes/vgomes-p/42/42.zip projects/MINISHELL/dev-vinny/project/minishell)
==243210==    by 0x402CCC: ms_export (in /nfs/homes/vgomes-p/42/42.zip projects/MINISHELL/dev-vinny/project/minishell)
==243210==    by 0x4034B6: check_builtin_type (in /nfs/homes/vgomes-p/42/42.zip projects/MINISHELL/dev-vinny/project/minishell)
==243210==    by 0x403364: exec_builtin (in /nfs/homes/vgomes-p/42/42.zip projects/MINISHELL/dev-vinny/project/minishell)
==243210==    by 0x401632: process_command (in /nfs/homes/vgomes-p/42/42.zip projects/MINISHELL/dev-vinny/project/minishell)
==243210==    by 0x4014A0: ms_prompt (in /nfs/homes/vgomes-p/42/42.zip projects/MINISHELL/dev-vinny/project/minishell)
==243210==    by 0x40125B: main (in /nfs/homes/vgomes-p/42/42.zip projects/MINISHELL/dev-vinny/project/minishell)
==243210== 
{
   <insert_a_suppression_name_here>
   Memcheck:Leak
   match-leak-kinds: reachable
   fun:malloc
   fun:ft_calloc
   fun:update_envar
   fun:ms_export
   fun:check_builtin_type
   fun:exec_builtin
   fun:process_command
   fun:ms_prompt
   fun:main
}
==243210== 2,229 bytes in 55 blocks are still reachable in loss record 41 of 66
==243210==    at 0x483B7F3: malloc (in /usr/lib/x86_64-linux-gnu/valgrind/vgpreload_memcheck-amd64-linux.so)
==243210==    by 0x403D77: ft_strdup (in /nfs/homes/vgomes-p/42/42.zip projects/MINISHELL/dev-vinny/project/minishell)
==243210==    by 0x402484: update_envar (in /nfs/homes/vgomes-p/42/42.zip projects/MINISHELL/dev-vinny/project/minishell)
==243210==    by 0x402CCC: ms_export (in /nfs/homes/vgomes-p/42/42.zip projects/MINISHELL/dev-vinny/project/minishell)
==243210==    by 0x4034B6: check_builtin_type (in /nfs/homes/vgomes-p/42/42.zip projects/MINISHELL/dev-vinny/project/minishell)
==243210==    by 0x403364: exec_builtin (in /nfs/homes/vgomes-p/42/42.zip projects/MINISHELL/dev-vinny/project/minishell)
==243210==    by 0x401632: process_command (in /nfs/homes/vgomes-p/42/42.zip projects/MINISHELL/dev-vinny/project/minishell)
==243210==    by 0x4014A0: ms_prompt (in /nfs/homes/vgomes-p/42/42.zip projects/MINISHELL/dev-vinny/project/minishell)
==243210==    by 0x40125B: main (in /nfs/homes/vgomes-p/42/42.zip projects/MINISHELL/dev-vinny/project/minishell)
==243210== 
{
   <insert_a_suppression_name_here>
   Memcheck:Leak
   match-leak-kinds: reachable
   fun:malloc
   fun:ft_strdup
   fun:update_envar
   fun:ms_export
   fun:check_builtin_type
   fun:exec_builtin
   fun:process_command
   fun:ms_prompt
   fun:main
}
==243210== LEAK SUMMARY:
==243210==    definitely lost: 0 bytes in 0 blocks
==243210==    indirectly lost: 0 bytes in 0 blocks
==243210==      possibly lost: 0 bytes in 0 blocks
==243210==    still reachable: 2,852 bytes in 61 blocks
==243210==         suppressed: 204,683 bytes in 216 blocks
==243210== 
==243210== For lists of detected and suppressed errors, rerun with: -s
==243210== ERROR SUMMARY: 0 errors from 0 contexts (suppressed: 0 from 0)
